# JRE version: OpenJDK Runtime Environment Temurin-17.0.1+12 (17.0.1+12) (build 17.0.1+12)
# Java VM: OpenJDK 64-Bit Server VM Temurin-17.0.1+12 (17.0.1+12, mixed mode, sharing, tiered, compressed oops, compressed class ptrs, g1 gc, bsd-amd64)
GC Precious Log:
 CPUs: 16 total, 16 available
 Memory: 65536M
 Large Page Support: Disabled
 NUMA Support: Disabled
 Compressed Oops: Enabled (Zero based)
 Heap Region Size: 8M
 Heap Min Capacity: 8M
 Heap Initial Capacity: 1G
 Heap Max Capacity: 16G
 Pre-touch: Disabled
 Parallel Workers: 13
 Concurrent Workers: 3
 Concurrent Refinement Workers: 13
 Periodic GC: Disabled
Heap:
 garbage-first heap   total 622592K, used 141453K [0x0000000400000000, 0x0000000800000000)
  region size 8192K, 16 young (131072K), 2 survivors (16384K)
 Metaspace       used 46509K, committed 57344K, reserved 1097728K
  class space    used 11495K, committed 15104K, reserved 1048576K
GC Heap History (20 events):
Event: 4.519 GC heap before
{Heap before GC invocations=6 (full 0):
 garbage-first heap   total 139264K, used 86294K [0x0000000400000000, 0x0000000800000000)
  region size 8192K, 10 young (81920K), 2 survivors (16384K)
 Metaspace       used 21818K, committed 25984K, reserved 1073152K
  class space    used 5251K, committed 6656K, reserved 1048576K
}
Event: 4.527 GC heap after
{Heap after GC invocations=7 (full 0):
 garbage-first heap   total 139264K, used 22402K [0x0000000400000000, 0x0000000800000000)
  region size 8192K, 2 young (16384K), 2 survivors (16384K)
 Metaspace       used 21818K, committed 25984K, reserved 1073152K
  class space    used 5251K, committed 6656K, reserved 1048576K
}
Event: 4.746 GC heap before
{Heap before GC invocations=7 (full 0):
 garbage-first heap   total 139264K, used 87938K [0x0000000400000000, 0x0000000800000000)
  region size 8192K, 10 young (81920K), 2 survivors (16384K)
 Metaspace       used 23292K, committed 28288K, reserved 1073152K
  class space    used 5707K, committed 7360K, reserved 1048576K
}
Event: 4.753 GC heap after
{Heap after GC invocations=8 (full 0):
 garbage-first heap   total 139264K, used 23237K [0x0000000400000000, 0x0000000800000000)
  region size 8192K, 2 young (16384K), 2 survivors (16384K)
 Metaspace       used 23292K, committed 28288K, reserved 1073152K
  class space    used 5707K, committed 7360K, reserved 1048576K
}
Event: 4.970 GC heap before
{Heap before GC invocations=8 (full 0):
 garbage-first heap   total 139264K, used 88773K [0x0000000400000000, 0x0000000800000000)
  region size 8192K, 10 young (81920K), 2 survivors (16384K)
 Metaspace       used 24717K, committed 30272K, reserved 1073152K
  class space    used 6236K, committed 8128K, reserved 1048576K
}
Event: 4.977 GC heap after
{Heap after GC invocations=9 (full 0):
 garbage-first heap   total 139264K, used 26063K [0x0000000400000000, 0x0000000800000000)
  region size 8192K, 2 young (16384K), 2 survivors (16384K)
 Metaspace       used 24717K, committed 30272K, reserved 1073152K
  class space    used 6236K, committed 8128K, reserved 1048576K
}
Event: 5.155 GC heap before
{Heap before GC invocations=9 (full 0):
 garbage-first heap   total 139264K, used 91599K [0x0000000400000000, 0x0000000800000000)
  region size 8192K, 10 young (81920K), 2 survivors (16384K)
 Metaspace       used 25625K, committed 31552K, reserved 1073152K
  class space    used 6495K, committed 8512K, reserved 1048576K
}
Event: 5.162 GC heap after
{Heap after GC invocations=10 (full 0):
 garbage-first heap   total 598016K, used 25410K [0x0000000400000000, 0x0000000800000000)
  region size 8192K, 1 young (8192K), 1 survivors (8192K)
 Metaspace       used 25625K, committed 31552K, reserved 1073152K
  class space    used 6495K, committed 8512K, reserved 1048576K
}
Event: 5.847 GC heap before
{Heap before GC invocations=10 (full 0):
 garbage-first heap   total 598016K, used 238402K [0x0000000400000000, 0x0000000800000000)
  region size 8192K, 28 young (229376K), 1 survivors (8192K)
 Metaspace       used 29130K, committed 35968K, reserved 1081344K
  class space    used 7400K, committed 9664K, reserved 1048576K
}
Event: 5.854 GC heap after
{Heap after GC invocations=11 (full 0):
 garbage-first heap   total 598016K, used 31010K [0x0000000400000000, 0x0000000800000000)
  region size 8192K, 2 young (16384K), 2 survivors (16384K)
 Metaspace       used 29130K, committed 35968K, reserved 1081344K
  class space    used 7400K, committed 9664K, reserved 1048576K
}
Event: 6.215 GC heap before
{Heap before GC invocations=12 (full 0):
 garbage-first heap   total 196608K, used 129314K [0x0000000400000000, 0x0000000800000000)
  region size 8192K, 14 young (114688K), 2 survivors (16384K)
 Metaspace       used 31684K, committed 38976K, reserved 1081344K
  class space    used 7861K, committed 10304K, reserved 1048576K
}
Event: 6.219 GC heap after
{Heap after GC invocations=13 (full 0):
 garbage-first heap   total 196608K, used 28710K [0x0000000400000000, 0x0000000800000000)
  region size 8192K, 1 young (8192K), 1 survivors (8192K)
 Metaspace       used 31684K, committed 38976K, reserved 1081344K
  class space    used 7861K, committed 10304K, reserved 1048576K
}
Event: 6.243 GC heap before
{Heap before GC invocations=13 (full 0):
 garbage-first heap   total 196608K, used 36902K [0x0000000400000000, 0x0000000800000000)
  region size 8192K, 2 young (16384K), 1 survivors (8192K)
 Metaspace       used 31778K, committed 39104K, reserved 1081344K
  class space    used 7886K, committed 10368K, reserved 1048576K
}
Event: 6.247 GC heap after
{Heap after GC invocations=14 (full 0):
 garbage-first heap   total 196608K, used 28361K [0x0000000400000000, 0x0000000800000000)
  region size 8192K, 1 young (8192K), 1 survivors (8192K)
 Metaspace       used 31778K, committed 39104K, reserved 1081344K
  class space    used 7886K, committed 10368K, reserved 1048576K
}
Event: 6.499 GC heap before
{Heap before GC invocations=14 (full 0):
 garbage-first heap   total 196608K, used 134857K [0x0000000400000000, 0x0000000800000000)
  region size 8192K, 14 young (114688K), 1 survivors (8192K)
 Metaspace       used 32812K, committed 40448K, reserved 1081344K
  class space    used 8065K, committed 10624K, reserved 1048576K
}
Event: 6.502 GC heap after
{Heap after GC invocations=15 (full 0):
 garbage-first heap   total 196608K, used 28635K [0x0000000400000000, 0x0000000800000000)
  region size 8192K, 1 young (8192K), 1 survivors (8192K)
 Metaspace       used 32812K, committed 40448K, reserved 1081344K
  class space    used 8065K, committed 10624K, reserved 1048576K
}
Event: 6.997 GC heap before
{Heap before GC invocations=15 (full 0):
 garbage-first heap   total 196608K, used 135131K [0x0000000400000000, 0x0000000800000000)
  region size 8192K, 14 young (114688K), 1 survivors (8192K)
 Metaspace       used 35301K, committed 43712K, reserved 1089536K
  class space    used 8655K, committed 11456K, reserved 1048576K
}
Event: 7.002 GC heap after
{Heap after GC invocations=16 (full 0):
 garbage-first heap   total 622592K, used 30038K [0x0000000400000000, 0x0000000800000000)
  region size 8192K, 1 young (8192K), 1 survivors (8192K)
 Metaspace       used 35301K, committed 43712K, reserved 1089536K
  class space    used 8655K, committed 11456K, reserved 1048576K
}
Event: 24.052 GC heap before
{Heap before GC invocations=16 (full 0):
 garbage-first heap   total 622592K, used 390486K [0x0000000400000000, 0x0000000800000000)
  region size 8192K, 45 young (368640K), 1 survivors (8192K)
 Metaspace       used 43716K, committed 54272K, reserved 1089536K
  class space    used 10774K, committed 14272K, reserved 1048576K
}
Event: 24.058 GC heap after
{Heap after GC invocations=17 (full 0):
 garbage-first heap   total 622592K, used 34957K [0x0000000400000000, 0x0000000800000000)
  region size 8192K, 2 young (16384K), 2 survivors (16384K)
 Metaspace       used 43716K, committed 54272K, reserved 1089536K
  class space    used 10774K, committed 14272K, reserved 1048576K
}

